app/app/build/outputs/mapping/release/seeds.txt
pylapp.smoothclicker.android.R$anim: int abc_fade_in
pylapp.smoothclicker.android.R$anim: int abc_fade_out
pylapp.smoothclicker.android.R$anim: int abc_grow_fade_in_from_bottom
pylapp.smoothclicker.android.R$anim: int abc_popup_enter
pylapp.smoothclicker.android.R$anim: int abc_popup_exit
pylapp.smoothclicker.android.R$anim: int abc_shrink_fade_out_from_bottom
pylapp.smoothclicker.android.R$anim: int abc_slide_in_bottom
pylapp.smoothclicker.android.R$anim: int abc_slide_in_top
pylapp.smoothclicker.android.R$anim: int abc_slide_out_bottom
pylapp.smoothclicker.android.R$anim: int abc_slide_out_top
pylapp.smoothclicker.android.R$anim: int design_fab_in
pylapp.smoothclicker.android.R$anim: int design_fab_out
pylapp.smoothclicker.android.R$anim: int design_snackbar_in
pylapp.smoothclicker.android.R$anim: int design_snackbar_out
pylapp.smoothclicker.android.R$array: int credits_descriptions
pylapp.smoothclicker.android.R$array: int credits_labels
pylapp.smoothclicker.android.R$array: int credits_licenses
pylapp.smoothclicker.android.R$array: int credits_urls
pylapp.smoothclicker.android.R$array: int introscreen_summaries
pylapp.smoothclicker.android.R$array: int introscreen_titles
pylapp.smoothclicker.android.R$array: int standalone_mode_descriptions
pylapp.smoothclicker.android.R$array: int standalone_mode_titles
pylapp.smoothclicker.android.R$array: int thanks_flags
pylapp.smoothclicker.android.R$array: int thanks_labels
pylapp.smoothclicker.android.R$array: int thanks_whos
pylapp.smoothclicker.android.R$attr: int actionBarDivider
pylapp.smoothclicker.android.R$attr: int actionBarItemBackground
pylapp.smoothclicker.android.R$attr: int actionBarPopupTheme
pylapp.smoothclicker.android.R$attr: int actionBarSize
pylapp.smoothclicker.android.R$attr: int actionBarSplitStyle
pylapp.smoothclicker.android.R$attr: int actionBarStyle
pylapp.smoothclicker.android.R$attr: int actionBarTabBarStyle
pylapp.smoothclicker.android.R$attr: int actionBarTabStyle
pylapp.smoothclicker.android.R$attr: int actionBarTabTextStyle
pylapp.smoothclicker.android.R$attr: int actionBarTheme
pylapp.smoothclicker.android.R$attr: int actionBarWidgetTheme
pylapp.smoothclicker.android.R$attr: int actionButtonStyle
pylapp.smoothclicker.android.R$attr: int actionDropDownStyle
pylapp.smoothclicker.android.R$attr: int actionLayout
pylapp.smoothclicker.android.R$attr: int actionMenuTextAppearance
pylapp.smoothclicker.android.R$attr: int actionMenuTextColor
pylapp.smoothclicker.android.R$attr: int actionModeBackground
pylapp.smoothclicker.android.R$attr: int actionModeCloseButtonStyle
pylapp.smoothclicker.android.R$attr: int actionModeCloseDrawable
pylapp.smoothclicker.android.R$attr: int actionModeCopyDrawable
pylapp.smoothclicker.android.R$attr: int actionModeCutDrawable
pylapp.smoothclicker.android.R$attr: int actionModeFindDrawable
pylapp.smoothclicker.android.R$attr: int actionModePasteDrawable
pylapp.smoothclicker.android.R$attr: int actionModePopupWindowStyle
pylapp.smoothclicker.android.R$bool: int abc_action_bar_embed_tabs
pylapp.smoothclicker.android.R$bool: int abc_action_bar_embed_tabs_pre_jb
pylapp.smoothclicker.android.R$bool: int abc_action_bar_expanded_action_views_exclusive
pylapp.smoothclicker.android.R$bool: int abc_allow_stacked_button_bar
pylapp.smoothclicker.android.R$bool: int abc_config_actionMenuItemAllCaps
pylapp.smoothclicker.android.R$bool: int abc_config_allowActionMenuItemTextWithIcon
pylapp.smoothclicker.android.R$bool: int abc_config_closeDialogWhenTouchOutside
pylapp.smoothclicker.android.R$bool: int abc_config_showMenuShortcutsWhenKeyboardPresent
...
android.support.annotation.Keep
android.support.design.R$anim: int abc_fade_in
android.support.design.R$anim: int abc_fade_out
android.support.design.R$anim: int abc_grow_fade_in_from_bottom
android.support.design.R$anim: int abc_popup_enter
android.support.design.R$anim: int abc_popup_exit
android.support.design.R$anim: int abc_shrink_fade_out_from_bottom
android.support.design.R$anim: int abc_slide_in_bottom
android.support.design.R$anim: int abc_slide_in_top
android.support.design.R$anim: int abc_slide_out_bottom
android.support.design.R$anim: int abc_slide_out_top
android.support.design.R$anim: int design_fab_in
android.support.design.R$anim: int design_fab_out
android.support.design.R$anim: int design_snackbar_in
android.support.design.R$anim: int design_snackbar_out
android.support.design.R$attr: int actionBarDivider
android.support.design.R$attr: int actionBarItemBackground
android.support.design.R$attr: int actionBarPopupTheme
android.support.design.R$attr: int actionBarSize
android.support.design.R$attr: int actionBarSplitStyle
android.support.design.R$attr: int actionBarStyle
android.support.design.R$attr: int actionBarTabBarStyle
android.support.design.R$attr: int actionBarTabStyle
android.support.design.R$attr: int actionBarTabTextStyle
android.support.design.R$attr: int actionBarTheme
android.support.design.R$attr: int actionBarWidgetTheme
android.support.design.R$attr: int actionButtonStyle
android.support.design.R$attr: int actionDropDownStyle
android.support.design.R$attr: int actionLayout
android.support.design.R$attr: int actionMenuTextAppearance
android.support.design.R$attr: int actionMenuTextColor
android.support.design.R$attr: int actionModeBackground
android.support.design.R$attr: int actionModeCloseButtonStyle
android.support.design.R$attr: int actionModeCloseDrawable
android.support.design.R$attr: int actionModeCopyDrawable
android.support.design.R$attr: int actionModeCutDrawable
android.support.design.R$attr: int actionModeFindDrawable
android.support.design.R$attr: int actionModePasteDrawable
android.support.design.R$attr: int actionModePopupWindowStyle
android.support.design.R$attr: int actionModeSelectAllDrawable
android.support.design.R$attr: int actionModeShareDrawable
android.support.design.R$bool: int abc_action_bar_embed_tabs
android.support.design.R$bool: int abc_action_bar_embed_tabs_pre_jb
android.support.design.R$bool: int abc_action_bar_expanded_action_views_exclusive
android.support.design.R$bool: int abc_allow_stacked_button_bar
android.support.design.R$bool: int abc_config_actionMenuItemAllCaps
android.support.design.R$bool: int abc_config_allowActionMenuItemTextWithIcon
android.support.design.R$bool: int abc_config_closeDialogWhenTouchOutside
android.support.design.R$bool: int abc_config_showMenuShortcutsWhenKeyboardPresent