app/app/build/outputs/mapping/release/mapping.txt
pylapp.smoothclicker.android.SmoothClickerApplication -> pylapp.smoothclicker.android.SmoothClickerApplication:
    void <init>() -> <init>
    void onCreate() -> onCreate
pylapp.smoothclicker.android.clickers.ATClicker -> pylapp.smoothclicker.android.clickers.a:
    java.lang.Process mProcess -> b
    java.io.DataOutputStream mOutputStream -> c
    java.util.List mPoints -> d
    pylapp.smoothclicker.android.tools.config.ConfigImporter$UnitTime mUnitTime -> e
    boolean mIsStartDelayed -> f
    int mDelay -> g
    int mTimeGap -> h
    int mRepeat -> i
    boolean mIsRepeatEndless -> j
    boolean mIsStandalone -> k
    pylapp.smoothclicker.android.clickers.ATClicker sInstance -> l
    java.lang.String LOG_TAG -> m
    void <init>(android.app.Activity) -> <init>
    void onPreExecute() -> onPreExecute
    java.lang.Void doInBackground(java.util.List[]) -> a
    boolean checkIfCancelled() -> a
    pylapp.smoothclicker.android.clickers.ATClicker getInstance(android.app.Activity) -> a
    boolean stop() -> b
    void executeTap() -> c
    void waitIfNeeded() -> d
    void logConfigurationState() -> k
    java.lang.Object doInBackground(java.lang.Object[]) -> doInBackground
    void <clinit>() -> <clinit>
pylapp.smoothclicker.android.clickers.ATClicker$1 -> pylapp.smoothclicker.android.clickers.a$1:
    int[] $SwitchMap$pylapp$smoothclicker$android$tools$config$ConfigImporter$UnitTime -> a
    void <clinit>() -> <clinit>
pylapp.smoothclicker.android.clickers.ServiceClicker -> pylapp.smoothclicker.android.clickers.ServiceClicker:
    java.lang.Process mProcess -> a
    java.io.DataOutputStream mOutputStream -> b
    android.content.Context mContext -> c
    java.util.ArrayList mPoints -> d
    boolean mIsStartDelayed -> e
    int mDelay -> f
    int mTimeGap -> g
    int mRepeat -> h
    boolean mIsRepeatEndless -> i
    boolean mVibrateOnStart -> j
    boolean mVibrateOnClick -> k
    boolean mNotif -> l
    boolean mIsShouldStop -> m
    java.lang.String LOG_TAG -> n
    void <init>() -> <init>
    void onHandleIntent(android.content.Intent) -> onHandleIntent
    void executeTaps() -> a
    void executeTap() -> b
    void makeCountDownNotification(int) -> a
    void makeNewClickNotifications(int,int) -> a
    void makeClicksOnGoingNotification() -> c
    void makeClicksOverNotification() -> d
    void makeStartNotification() -> e
    void stopAllNotifications() -> f
    boolean checkIfCancelled() -> g
    void broadcastStatus(pylapp.smoothclicker.android.clickers.ServiceClicker$StatusTypes) -> a
    void <clinit>() -> <clinit>
pylapp.smoothclicker.android.clickers.ServiceClicker$StatusTypes -> pylapp.smoothclicker.android.clickers.ServiceClicker$a:
    pylapp.smoothclicker.android.clickers.ServiceClicker$StatusTypes BAD_CONFIG -> a
    pylapp.smoothclicker.android.clickers.ServiceClicker$StatusTypes AWAKE -> b
    pylapp.smoothclicker.android.clickers.ServiceClicker$StatusTypes STARTED -> c
    pylapp.smoothclicker.android.clickers.ServiceClicker$StatusTypes WORKING -> d
    pylapp.smoothclicker.android.clickers.ServiceClicker$StatusTypes TERMINATED -> e
    java.lang.String mCode -> f
    pylapp.smoothclicker.android.clickers.ServiceClicker$StatusTypes[] $VALUES -> g
    pylapp.smoothclicker.android.clickers.ServiceClicker$StatusTypes[] values() -> values
    pylapp.smoothclicker.android.clickers.ServiceClicker$StatusTypes valueOf(java.lang.String) -> valueOf
    void <init>(java.lang.String,int,java.lang.String) -> <init>
    void <clinit>() -> <clinit>
...
android.support.v7.widget.OpReorderer$Callback -> android.support.v7.widget.ar$a:
    android.support.v7.widget.AdapterHelper$UpdateOp obtainUpdateOp(int,int,int,java.lang.Object) -> a
    void recycleUpdateOp(android.support.v7.widget.AdapterHelper$UpdateOp) -> a
android.support.v7.widget.OrientationHelper -> android.support.v7.widget.as:
    android.support.v7.widget.RecyclerView$LayoutManager mLayoutManager -> a
    int mLastTotalSpace -> b
    void <init>(android.support.v7.widget.RecyclerView$LayoutManager) -> <init>
    void onLayoutComplete() -> a
    int getTotalSpaceChange() -> b
    int getDecoratedStart(android.view.View) -> a
    int getDecoratedEnd(android.view.View) -> b
    int getDecoratedMeasurement(android.view.View) -> c
    int getDecoratedMeasurementInOther(android.view.View) -> d
    int getStartAfterPadding() -> c
    int getEndAfterPadding() -> d
    int getEnd() -> e
    void offsetChildren(int) -> a
    int getTotalSpace() -> f
    int getEndPadding() -> g
    int getMode() -> h
    int getModeInOther() -> i
    android.support.v7.widget.OrientationHelper createOrientationHelper(android.support.v7.widget.RecyclerView$LayoutManager,int) -> a
    android.support.v7.widget.OrientationHelper createHorizontalHelper(android.support.v7.widget.RecyclerView$LayoutManager) -> a
    android.support.v7.widget.OrientationHelper createVerticalHelper(android.support.v7.widget.RecyclerView$LayoutManager) -> b
    void <init>(android.support.v7.widget.RecyclerView$LayoutManager,android.support.v7.widget.OrientationHelper$1) -> <init>
android.support.v7.widget.OrientationHelper$1 -> android.support.v7.widget.as$1:
    void <init>(android.support.v7.widget.RecyclerView$LayoutManager) -> <init>
    int getEndAfterPadding() -> d
    int getEnd() -> e
    void offsetChildren(int) -> a
    int getStartAfterPadding() -> c
    int getDecoratedMeasurement(android.view.View) -> c
    int getDecoratedMeasurementInOther(android.view.View) -> d
    int getDecoratedEnd(android.view.View) -> b
    int getDecoratedStart(android.view.View) -> a
    int getTotalSpace() -> f
    int getEndPadding() -> g
    int getMode() -> h
    int getModeInOther() -> i
android.support.v7.widget.OrientationHelper$2 -> android.support.v7.widget.as$2:
    void <init>(android.support.v7.widget.RecyclerView$LayoutManager) -> <init>
    int getEndAfterPadding() -> d
    int getEnd() -> e
    void offsetChildren(int) -> a
    int getStartAfterPadding() -> c
    int getDecoratedMeasurement(android.view.View) -> c
    int getDecoratedMeasurementInOther(android.view.View) -> d
    int getDecoratedEnd(android.view.View) -> b
    int getDecoratedStart(android.view.View) -> a
    int getTotalSpace() -> f
    int getEndPadding() -> g
    int getMode() -> h
    int getModeInOther() -> i