app/app/build/outputs/mapping/release/usage.txt
pylapp.smoothclicker.android.BuildConfig
pylapp.smoothclicker.android.R
pylapp.smoothclicker.android.R$anim
pylapp.smoothclicker.android.R$array
pylapp.smoothclicker.android.R$attr
pylapp.smoothclicker.android.R$bool
pylapp.smoothclicker.android.R$color
pylapp.smoothclicker.android.R$dimen
pylapp.smoothclicker.android.R$drawable
pylapp.smoothclicker.android.R$id
pylapp.smoothclicker.android.R$integer
pylapp.smoothclicker.android.R$layout
pylapp.smoothclicker.android.R$menu
pylapp.smoothclicker.android.R$raw
pylapp.smoothclicker.android.R$string
pylapp.smoothclicker.android.R$style
pylapp.smoothclicker.android.R$styleable
pylapp.smoothclicker.android.R$xml
pylapp.smoothclicker.android.clickers.ATClicker:
    private static final java.lang.String KEYWORD_SHELL_CLICK_DONE
pylapp.smoothclicker.android.clickers.ServiceClicker:
    public static final java.lang.String SERVICE_CLICKER_INTENT_FILTER_NAME_WAKEUP
    public static final java.lang.String SERVICE_CLICKER_INTENT_FILTER_NAME_START
    public static final java.lang.String SERVICE_CLICKER_INTENT_FILTER_NAME_STOP
    private static final java.lang.String SERVICE_LABEL_SERVICECLICKER
    public static final java.lang.String BUNDLE_KEY_DELAYED_START
    public static final java.lang.String BUNDLE_KEY_DELAY
    public static final java.lang.String BUNDLE_KEY_TIME_GAP
    public static final java.lang.String BUNDLE_KEY_REPEAT
    public static final java.lang.String BUNDLE_KEY_REPEAT_ENDLESS
    public static final java.lang.String BUNDLE_KEY_VIBRATE_ON_START
    public static final java.lang.String BUNDLE_KEY_VIBRATE_ON_CLICK
    public static final java.lang.String BUNDLE_KEY_NOTIFICATIONS
    public static final java.lang.String BUNDLE_KEY_POINTS
    public static final java.lang.String BROADCAST_KEY_STATUS
    private static final java.lang.String BROADCAST_ACTION
pylapp.smoothclicker.android.json.JsonFileParser:
    public static final java.lang.String JSON_ARRAY_POINTS
    public static final java.lang.String JSON_OBJECT_X
    public static final java.lang.String JSON_OBJECT_Y
    public static final java.lang.String JSON_OBJECT_DESC
    public static final java.lang.String JSON_OBJECT_COMMENT
    public static final java.lang.String JSON_OBJECT_UNIT_TIME
    public static final java.lang.String JSON_OBJECT_DELAYED_START
    public static final java.lang.String JSON_OBJECT_DELAY
    public static final java.lang.String JSON_OBJECT_TIME_GAP
    public static final java.lang.String JSON_OBJECT_REPEAT
    public static final java.lang.String JSON_OBJECT_ENDLESS_REPEAT
    public static final java.lang.String JSON_OBJECT_VIBRATE_ON_START
    public static final java.lang.String JSON_OBJECT_VIBRATE_ON_CLICK
    public static final java.lang.String JSON_OBJECT_RING
    public static final java.lang.String JSON_OBJECT_NOTIFICATIONS
    334:335:public static java.lang.String getFullPathToConfigFile()
    343:344:public static java.lang.String getFullPathToPointsFile()
pylapp.smoothclicker.android.json.MissingJsonPointsFileException
pylapp.smoothclicker.android.notifiers.NotificationsManager:
    200:202:public void makeSuGrantedNotification()
    216:218:public void stopClicksStoppedNotification()
    224:226:public void stopClickOverNotification()
    232:234:public void stopSuGrantedNotification()
    240:242:public void stopClickMadeNotification()
    248:250:public void stopCountdownNotification()
pylapp.smoothclicker.android.notifiers.StatusBarNotifier:
    public static final int NOTIF_SU_GRANTED
    public static final int NOTIF_CLICK_PROCESS_ON_GOING_BY_APP
    public static final int NOTIF_CLICK_PROCESS_ON_GOING_BY_SERVICE
    public static final int NOTIF_CLICK_PROCESS_STOPPED
    public static final int NOTIF_CLICK_PROCESS_OVER
    public static final int NOTIF_CLICK_MADE
    public static final int NOTIF_COUNT_DOWN
    public static final int NOTIF_CLICK_PROCESS_ON_GOING_STANDALONE
    public static final int NOTIF_WATCH_PROCESS_OVER
...
android.support.v7.app.AppCompatDelegateImplBase$ActionBarDrawableToggleImpl
android.support.v7.app.AppCompatDelegateImplV14:
    private static final java.lang.String KEY_LOCAL_NIGHT_MODE
    65:66:public void setHandleNativeActionModesEnabled(boolean)
    90:108:public void setLocalNightMode(int)
android.support.v7.app.AppCompatDelegateImplV7:
    599:614:public boolean hasWindowFeature(int)
    1703:1703:android.view.ViewGroup getSubDecor()
android.support.v7.app.AppCompatDelegateImplV7$PanelFeatureState:
    boolean wasLastOpen
    android.os.Bundle frozenMenuState
    1912:1916:public void clearMenuPresenters()
    1978:1987:android.os.Parcelable onSaveInstanceState()
    1991:1998:void onRestoreInstanceState(android.os.Parcelable)
    2001:2005:void applyFrozenState()
android.support.v7.app.AppCompatDelegateImplV7$PanelFeatureState$SavedState
android.support.v7.app.AppCompatDelegateImplV7$PanelFeatureState$SavedState$1
android.support.v7.app.AppCompatDialog:
    57:58:protected AppCompatDialog(android.content.Context,boolean,android.content.DialogInterface$OnCancelListener)
    75:75:public android.support.v7.app.ActionBar getSupportActionBar()
android.support.v7.app.AppCompatDialogFragment
android.support.v7.app.AppCompatViewInflater:
    private static final java.lang.String LOG_TAG
android.support.v7.app.NavItemSelectedListener
android.support.v7.app.NotificationCompat
android.support.v7.app.NotificationCompat$1
android.support.v7.app.NotificationCompat$Builder
android.support.v7.app.NotificationCompat$IceCreamSandwichExtender
android.support.v7.app.NotificationCompat$JellybeanExtender
android.support.v7.app.NotificationCompat$LollipopExtender
android.support.v7.app.NotificationCompat$MediaStyle
android.support.v7.app.NotificationCompatImpl21
android.support.v7.app.NotificationCompatImplBase
android.support.v7.app.ToolbarActionBar:
    87:88:public void setCustomView(android.view.View)
    92:96:public void setCustomView(android.view.View,android.support.v7.app.ActionBar$LayoutParams)
    100:102:public void setCustomView(int)
    106:107:public void setIcon(int)
    111:112:public void setIcon(android.graphics.drawable.Drawable)
    116:117:public void setLogo(int)
    121:122:public void setLogo(android.graphics.drawable.Drawable)
    127:127:public void setStackedBackgroundDrawable(android.graphics.drawable.Drawable)
    132:132:public void setSplitBackgroundDrawable(android.graphics.drawable.Drawable)
    146:146:public float getElevation()
    156:156:public boolean isTitleTruncated()
    161:162:public void setHomeAsUpIndicator(android.graphics.drawable.Drawable)
    166:167:public void setHomeAsUpIndicator(int)
    171:172:public void setHomeActionContentDescription(java.lang.CharSequence)
    181:182:public void setHomeActionContentDescription(int)
    196:197:public void setListNavigationCallbacks(android.widget.SpinnerAdapter,android.support.v7.app.ActionBar$OnNavigationListener)
    201:209:public void setSelectedNavigationItem(int)
    213:213:public int getSelectedNavigationIndex()
    218:218:public int getNavigationItemCount()
    223:224:public void setTitle(java.lang.CharSequence)
    228:229:public void setTitle(int)
    248:249:public void setSubtitle(java.lang.CharSequence)
    253:254:public void setSubtitle(int)
android.support.v7.app.TwilightCalculator:
    public static final int DAY
    public static final int NIGHT
    private static final float DEGREES_TO_RADIANS
    private static final float J0
    private static final float ALTIDUTE_CORRECTION_CIVIL_TWILIGHT
    private static final float C1
    private static final float C2
    private static final float C3
    private static final float OBLIQUITY
    private static final long UTC_2000
android.support.v7.app.TwilightManager:
    private static final java.lang.String TAG
    private static final int SUNRISE
    private static final int SUNSET